\timing on
Timing is on.
drop   materialized view if exists
  rmc_m_e_n ;
psql:alan-mv-2.sql:4: NOTICE:  materialized view "rmc_m_e_n" does not exist, skipping
DROP MATERIALIZED VIEW
Time: 0.301 ms
explain -- analyze
create materialized view
  rmc_m_e_n
  as select
    rm_case_master.assessment_needed,
    rm_case_master.case_id,
    rm_case_master.case_num,
    rm_case_master.country_id,
    rm_case_master.create_time,
    rm_case_master.dlp_revision_number,
    rm_case_event.art_code,
    rm_case_event.code_status,
    rm_case_event.deleted,
    rm_case_event.desc_coded,
    rm_case_event.details,
    rm_case_event.diagnosis,
    rm_case_narrative.abbrev_narrative,
    rm_case_narrative.narrative
  from
    rm_case_master,
    rm_case_event,
    rm_case_narrative
  where
    rm_case_master.case_id = rm_case_event.case_id          and
    rm_case_master.case_id = rm_case_narrative.case_id
                                                             QUERY PLAN                                                             
------------------------------------------------------------------------------------------------------------------------------------
 Merge Join  (cost=22.05..28448328.39 rows=1813762027 width=105)
   Merge Cond: (rm_case_master.case_id = rm_case_event.case_id)
   ->  Index Scan using idx_rm_case_master__case_id on rm_case_master  (cost=0.43..622910.46 rows=11097335 width=39)
   ->  Materialize  (cost=1.97..621160.50 rows=11457214 width=79)
         ->  Merge Join  (cost=1.97..592517.46 rows=11457214 width=79)
               Merge Cond: (rm_case_narrative.case_id = rm_case_event.case_id)
               ->  Index Scan using idx_rm_case_narrative__case_id on rm_case_narrative  (cost=0.42..35124.68 rows=833340 width=25)
               ->  Materialize  (cost=0.43..397915.27 rows=4154048 width=54)
                     ->  Index Scan using idx_rm_case_event__case_id on rm_case_event  (cost=0.43..387530.15 rows=4154048 width=54)
(9 rows)

Time: 8.862 ms
