\timing on
Timing is on.
drop   materialized view if exists
  rmc_meepnp ;
psql:alan-mv-meepnp.sql:4: NOTICE:  materialized view "rmc_meepnp" does not exist, skipping
DROP MATERIALIZED VIEW
Time: 0.323 ms
explain analyze
create materialized view
  rmc_meepnp
  as select
    rm_case_master.case_id,
    rm_case_master.case_num,
    rm_case_master.create_time,
    rm_case_master.dlp_revision_number,
    rm_case_event.art_code,
    rm_case_event.code_status,
    rm_case_event.details,
    rm_case_event.diagnosis,
    rm_case_event_assess.det_listedness_id,
    rm_case_product.product_name,
    rm_case_product.generic_name,
    rm_case_narrative.narrative,
    rm_case_pat_info.gender_id 
  from
    rm_case_master,
    rm_case_event,
    rm_case_event_assess,
    rm_case_product,
    rm_case_narrative, 
    rm_case_pat_info
  where
    rm_case_master.case_id = rm_case_event.case_id and
    rm_case_master.case_id = rm_case_event_assess.case_id and
    rm_case_master.case_id = rm_case_product.case_id and
    rm_case_master.case_id = rm_case_narrative.case_id and
    rm_case_master.case_id = rm_case_pat_info.case_id and
    rm_case_product.product_name ILIKE 'TYLENOL%'  -- 'IBUPROFEN'
                                                                                                QUERY PLAN                                                                                                
----------------------------------------------------------------------------------------------------------------------------------------------------------------------------------------------------------
 Merge Join  (cost=43.84..374591667.55 rows=24666632282 width=104) (actual time=0.083..93307.317 rows=33488640 loops=1)
   Merge Cond: (rm_case_master.case_id = rm_case_event.case_id)
   ->  Index Scan using idx_rm_case_master__case_id on rm_case_master  (cost=0.43..622910.46 rows=11097335 width=31) (actual time=0.008..30796.528 rows=10813389 loops=1)
   ->  Materialize  (cost=23.76..3686495.18 rows=156093518 width=105) (actual time=0.067..39048.174 rows=33488614 loops=1)
         ->  Merge Join  (cost=23.76..3296261.38 rows=156093518 width=105) (actual time=0.065..33143.682 rows=1240320 loops=1)
               Merge Cond: (rm_case_event_assess.case_id = rm_case_event.case_id)
               ->  Merge Join  (cost=5.97..572828.87 rows=5301552 width=73) (actual time=0.053..14358.009 rows=310080 loops=1)
                     Merge Cond: (rm_case_narrative.case_id = rm_case_event_assess.case_id)
                     ->  Index Scan using idx_rm_case_narrative__case_id on rm_case_narrative  (cost=0.42..37651.27 rows=833340 width=16) (actual time=0.006..481.692 rows=831441 loops=1)
                     ->  Materialize  (cost=4.40..458832.62 rows=1922096 width=57) (actual time=0.044..13488.137 rows=344964 loops=1)
                           ->  Merge Join  (cost=4.40..454027.38 rows=1922096 width=57) (actual time=0.041..13328.923 rows=344964 loops=1)
                                 Merge Cond: (rm_case_event_assess.case_id = rm_case_pat_info.case_id)
                                 ->  Nested Loop  (cost=0.86..340400.12 rows=630056 width=45) (actual time=0.030..10769.356 rows=73644 loops=1)
                                       ->  Index Scan using idx_rm_case_product__case_id on rm_case_product  (cost=0.43..230374.22 rows=11581 width=34) (actual time=0.016..10630.478 rows=11628 loops=1)
                                             Filter: ((product_name)::text ~~* 'TYLENOL%'::text)
                                             Rows Removed by Filter: 2883744
                                       ->  Index Scan using idx_rm_case_event_assess__case_id on rm_case_event_assess  (cost=0.43..8.90 rows=60 width=11) (actual time=0.005..0.008 rows=6 loops=11628)
                                             Index Cond: (case_id = rm_case_product.case_id)
                                 ->  Index Scan using idx_rm_case_pat_info__case_id on rm_case_pat_info  (cost=0.43..93044.05 rows=1918620 width=12) (actual time=0.007..1816.339 rows=2220201 loops=1)
               ->  Materialize  (cost=0.43..397915.27 rows=4154048 width=32) (actual time=0.009..16502.291 rows=5273089 loops=1)
                     ->  Index Scan using idx_rm_case_event__case_id on rm_case_event  (cost=0.43..387530.15 rows=4154048 width=32) (actual time=0.007..14959.176 rows=4048273 loops=1)
 Planning time: 14.438 ms
 Execution time: 128193.751 ms
(23 rows)

Time: 128210.889 ms
