You are now connected to database "ubuntu_large" as user "ubuntu".
Timing is on.
                                                                                    QUERY PLAN                                                                                     
-----------------------------------------------------------------------------------------------------------------------------------------------------------------------------------
 Hash Join  (cost=199443.00..288770.82 rows=913 width=235) (actual time=11857.442..20527.327 rows=3876 loops=1)
   Hash Cond: (ce.case_id = cm.case_id)
   Join Filter: ((ca.seriousness = 1::numeric) OR (ce.seriousness = 1::numeric))
   ->  Seq Scan on case_event ce  (cost=0.00..84865.56 rows=1186056 width=20) (actual time=0.981..8292.651 rows=1186056 loops=1)
   ->  Hash  (cost=199432.47..199432.47 rows=843 width=247) (actual time=11843.740..11843.740 rows=3876 loops=1)
         Buckets: 1024  Batches: 1  Memory Usage: 500kB
         ->  Hash Join  (cost=150083.57..199432.47 rows=843 width=247) (actual time=9828.077..11841.500 rows=3876 loops=1)
               Hash Cond: (ca.case_id = cm.case_id)
               ->  Seq Scan on case_assess ca  (cost=0.00..45474.16 rows=1031016 width=10) (actual time=0.508..1685.007 rows=1031016 loops=1)
               ->  Hash  (cost=150073.03..150073.03 rows=843 width=237) (actual time=9824.632..9824.632 rows=3876 loops=1)
                     Buckets: 1024  Batches: 1  Memory Usage: 455kB
                     ->  Hash Anti Join  (cost=111161.10..150073.03 rows=843 width=237) (actual time=9299.915..9822.814 rows=3876 loops=1)
                           Hash Cond: (cm.case_id = cc.case_id)
                           ->  Hash Join  (cost=110051.00..148951.93 rows=846 width=237) (actual time=9271.182..9792.457 rows=3876 loops=1)
                                 Hash Cond: (cm.case_id = cp.case_id)
                                 ->  Seq Scan on case_master cm  (cost=0.00..35026.16 rows=1031016 width=67) (actual time=0.005..175.507 rows=1031016 loops=1)
                                 ->  Hash  (cost=110040.42..110040.42 rows=846 width=170) (actual time=9270.771..9270.771 rows=3876 loops=1)
                                       Buckets: 1024  Batches: 1  Memory Usage: 273kB
                                       ->  Hash Join  (cost=30600.56..110040.42 rows=846 width=170) (actual time=864.507..9269.036 rows=3876 loops=1)
                                             Hash Cond: (cp.case_id = cs.case_id)
                                             ->  Hash Join  (cost=1.44..79349.69 rows=6047 width=164) (actual time=3.012..8399.039 rows=11628 loops=1)
                                                   Hash Cond: (COALESCE(cp.pat_exposure, cp.product_id) = lp.product_id)
                                                   ->  Seq Scan on case_product cp  (cost=0.00..74752.75 rows=1209342 width=15) (actual time=1.036..8104.059 rows=1209312 loops=1)
                                                         Filter: (drug_type = 1::numeric)
                                                         Rows Removed by Filter: 89148
                                                   ->  Hash  (cost=1.43..1.43 rows=1 width=190) (actual time=0.472..0.472 rows=1 loops=1)
                                                         Buckets: 1024  Batches: 1  Memory Usage: 1kB
                                                         ->  Seq Scan on lm_product lp  (cost=0.00..1.43 rows=1 width=190) (actual time=0.462..0.465 rows=1 loops=1)
                                                               Filter: ((prod_name)::text = 'RxLogi-Quick Tablet 15 mg'::text)
                                                               Rows Removed by Filter: 33
                                             ->  Hash  (cost=28795.70..28795.70 rows=144274 width=6) (actual time=855.085..855.085 rows=147288 loops=1)
                                                   Buckets: 16384  Batches: 1  Memory Usage: 5610kB
                                                   ->  Seq Scan on case_study cs  (cost=0.00..28795.70 rows=144274 width=6) (actual time=0.393..806.663 rows=147288 loops=1)
                                                         Filter: (classification_id = 1::numeric)
                                                         Rows Removed by Filter: 883728
                           ->  Hash  (cost=1056.27..1056.27 rows=4307 width=6) (actual time=28.709..28.709 rows=0 loops=1)
                                 Buckets: 1024  Batches: 1  Memory Usage: 0kB
                                 ->  Hash Join  (cost=1.25..1056.27 rows=4307 width=6) (actual time=28.709..28.709 rows=0 loops=1)
                                       Hash Cond: (cc.classification_id = lcc.classification_id)
                                       ->  Seq Scan on case_classifications cc  (cost=0.00..866.60 rows=38760 width=11) (actual time=0.375..18.244 rows=38760 loops=1)
                                       ->  Hash  (cost=1.23..1.23 rows=2 width=32) (actual time=0.352..0.352 rows=2 loops=1)
                                             Buckets: 1024  Batches: 1  Memory Usage: 1kB
                                             ->  Seq Scan on lm_case_classification lcc  (cost=0.00..1.23 rows=2 width=32) (actual time=0.344..0.346 rows=2 loops=1)
                                                   Filter: ((description)::text = ANY ('{Non-Valid,"Pre-Clinical Toxicity"}'::text[]))
                                                   Rows Removed by Filter: 16
 Planning time: 4.145 ms
 Execution time: 20528.808 ms
(47 rows)

Time: 20537.357 ms
