You are now connected to database "ubuntu_large" as user "ubuntu".
Timing is on.
                                                                                                                           QUERY PLAN                                                                                                                            
-----------------------------------------------------------------------------------------------------------------------------------------------------------------------------------------------------------------------------------------------------------------
 Hash Join  (cost=60647.24..89938.31 rows=989991 width=196)
   Hash Cond: (cm.case_id = ca.case_id)
   ->  Seq Scan on rm_case_master_5 cm  (cost=0.00..3959.00 rows=100000 width=18)
   ->  Hash  (cost=58535.72..58535.72 rows=168922 width=196)
         ->  Hash Join  (cost=42467.39..58535.72 rows=168922 width=196)
               Hash Cond: (ca.case_id = crr.case_id)
               ->  Hash Join  (cost=2.47..6369.60 rows=33558 width=190)
                     Hash Cond: (ca.listedness = ll.listedness_id)
                     ->  Hash Join  (cost=1.41..5901.33 rows=35100 width=137)
                           Hash Cond: (ca.outcome = leo.evt_outcome_id)
                           ->  Seq Scan on rm_case_assess_5 ca  (cost=0.00..5248.00 rows=80247 width=24)
                                 Filter: ((COALESCE(seriousness, (-1)::numeric) < 0::numeric) OR (COALESCE(agent_suspect, (-1)::numeric) < 0::numeric) OR (COALESCE(listedness, (-1)::numeric) < 0::numeric) OR (COALESCE(outcome, (-1)::numeric) < 0::numeric))
                           ->  Hash  (cost=1.18..1.18 rows=18 width=150)
                                 ->  Seq Scan on rm_lm_evt_outcome leo  (cost=0.00..1.18 rows=18 width=150)
                     ->  Hash  (cost=1.03..1.03 rows=3 width=90)
                           ->  Seq Scan on rm_lm_listedness ll  (cost=0.00..1.03 rows=3 width=90)
               ->  Hash  (cost=25410.52..25410.52 rows=1364352 width=6)
                     ->  Seq Scan on rm_case_reg_reports crr  (cost=0.00..25410.52 rows=1364352 width=6)
(18 rows)

Time: 4.911 ms
