You are now connected to database "ubuntu_large" as user "ubuntu".
Timing is on.
                                                              QUERY PLAN                                                               
---------------------------------------------------------------------------------------------------------------------------------------
 Hash Join  (cost=199443.00..288770.82 rows=913 width=235)
   Hash Cond: (ce.case_id = cm.case_id)
   Join Filter: ((ca.seriousness = 1::numeric) OR (ce.seriousness = 1::numeric))
   ->  Seq Scan on case_event ce  (cost=0.00..84865.56 rows=1186056 width=20)
   ->  Hash  (cost=199432.47..199432.47 rows=843 width=247)
         ->  Hash Join  (cost=150083.57..199432.47 rows=843 width=247)
               Hash Cond: (ca.case_id = cm.case_id)
               ->  Seq Scan on case_assess ca  (cost=0.00..45474.16 rows=1031016 width=10)
               ->  Hash  (cost=150073.03..150073.03 rows=843 width=237)
                     ->  Hash Anti Join  (cost=111161.10..150073.03 rows=843 width=237)
                           Hash Cond: (cm.case_id = cc.case_id)
                           ->  Hash Join  (cost=110051.00..148951.93 rows=846 width=237)
                                 Hash Cond: (cm.case_id = cp.case_id)
                                 ->  Seq Scan on case_master cm  (cost=0.00..35026.16 rows=1031016 width=67)
                                 ->  Hash  (cost=110040.42..110040.42 rows=846 width=170)
                                       ->  Hash Join  (cost=30600.56..110040.42 rows=846 width=170)
                                             Hash Cond: (cp.case_id = cs.case_id)
                                             ->  Hash Join  (cost=1.44..79349.69 rows=6047 width=164)
                                                   Hash Cond: (COALESCE(cp.pat_exposure, cp.product_id) = lp.product_id)
                                                   ->  Seq Scan on case_product cp  (cost=0.00..74752.75 rows=1209342 width=15)
                                                         Filter: (drug_type = 1::numeric)
                                                   ->  Hash  (cost=1.43..1.43 rows=1 width=190)
                                                         ->  Seq Scan on lm_product lp  (cost=0.00..1.43 rows=1 width=190)
                                                               Filter: ((prod_name)::text = 'RxLogi-Quick Tablet 15 mg'::text)
                                             ->  Hash  (cost=28795.70..28795.70 rows=144274 width=6)
                                                   ->  Seq Scan on case_study cs  (cost=0.00..28795.70 rows=144274 width=6)
                                                         Filter: (classification_id = 1::numeric)
                           ->  Hash  (cost=1056.27..1056.27 rows=4307 width=6)
                                 ->  Hash Join  (cost=1.25..1056.27 rows=4307 width=6)
                                       Hash Cond: (cc.classification_id = lcc.classification_id)
                                       ->  Seq Scan on case_classifications cc  (cost=0.00..866.60 rows=38760 width=11)
                                       ->  Hash  (cost=1.23..1.23 rows=2 width=32)
                                             ->  Seq Scan on lm_case_classification lcc  (cost=0.00..1.23 rows=2 width=32)
                                                   Filter: ((description)::text = ANY ('{Non-Valid,"Pre-Clinical Toxicity"}'::text[]))
(34 rows)

Time: 8.458 ms
